mkdir -p build && cd build && export PICO_SDK_PATH=../pico-sdk && cmake .. && make
PICO_SDK_PATH is /home/exr0n/projects/raspberrypi_pico/gobbles_pico/pico-sdk
PICO platform is rp2040.
PICO compiler is 
PICO_GCC_TRIPLE defaulted to arm-none-eabi
PICO target board is pico.
Using board configuration from /home/exr0n/projects/raspberrypi_pico/gobbles_pico/pico-sdk/src/boards/include/boards/pico.h
TinyUSB available at /home/exr0n/projects/raspberrypi_pico/gobbles_pico/pico-sdk/lib/tinyusb/src/portable/raspberrypi/rp2040; adding USB support.
PIOASM will need to be built
ELF2UF2 will need to be built
-- Configuring done
-- Generating done
-- Build files have been written to: /home/exr0n/projects/raspberrypi_pico/gobbles_pico/build
make[1]: Entering directory '/home/exr0n/projects/raspberrypi_pico/gobbles_pico/build'
make[2]: Entering directory '/home/exr0n/projects/raspberrypi_pico/gobbles_pico/build'
make[3]: Entering directory '/home/exr0n/projects/raspberrypi_pico/gobbles_pico/build'
make[3]: Entering directory '/home/exr0n/projects/raspberrypi_pico/gobbles_pico/build'
make[3]: Entering directory '/home/exr0n/projects/raspberrypi_pico/gobbles_pico/build'
make[3]: Leaving directory '/home/exr0n/projects/raspberrypi_pico/gobbles_pico/build'
make[3]: Leaving directory '/home/exr0n/projects/raspberrypi_pico/gobbles_pico/build'
make[3]: Entering directory '/home/exr0n/projects/raspberrypi_pico/gobbles_pico/build'
Scanning dependencies of target bs2_default
make[3]: Entering directory '/home/exr0n/projects/raspberrypi_pico/gobbles_pico/build'
make[3]: Leaving directory '/home/exr0n/projects/raspberrypi_pico/gobbles_pico/build'
[  1%] Performing build step for 'ELF2UF2Build'
[  3%] Built target bs2_default
make[4]: Entering directory '/home/exr0n/projects/raspberrypi_pico/gobbles_pico/build/elf2uf2'
[  4%] Performing build step for 'PioasmBuild'
make[3]: Entering directory '/home/exr0n/projects/raspberrypi_pico/gobbles_pico/build'
make[4]: Entering directory '/home/exr0n/projects/raspberrypi_pico/gobbles_pico/build/pioasm'
make[3]: Leaving directory '/home/exr0n/projects/raspberrypi_pico/gobbles_pico/build'
make[5]: Entering directory '/home/exr0n/projects/raspberrypi_pico/gobbles_pico/build/elf2uf2'
make[6]: Entering directory '/home/exr0n/projects/raspberrypi_pico/gobbles_pico/build/elf2uf2'
[  6%] Built target bs2_default_padded_checksummed_asm
make[5]: Entering directory '/home/exr0n/projects/raspberrypi_pico/gobbles_pico/build/pioasm'
make[6]: Leaving directory '/home/exr0n/projects/raspberrypi_pico/gobbles_pico/build/elf2uf2'
make[6]: Entering directory '/home/exr0n/projects/raspberrypi_pico/gobbles_pico/build/pioasm'
make[6]: Leaving directory '/home/exr0n/projects/raspberrypi_pico/gobbles_pico/build/pioasm'
[100%] Built target elf2uf2
make[5]: Leaving directory '/home/exr0n/projects/raspberrypi_pico/gobbles_pico/build/elf2uf2'
make[4]: Leaving directory '/home/exr0n/projects/raspberrypi_pico/gobbles_pico/build/elf2uf2'
[100%] Built target pioasm
make[5]: Leaving directory '/home/exr0n/projects/raspberrypi_pico/gobbles_pico/build/pioasm'
[  7%] No install step for 'ELF2UF2Build'
make[4]: Leaving directory '/home/exr0n/projects/raspberrypi_pico/gobbles_pico/build/pioasm'
[  9%] No install step for 'PioasmBuild'
[ 10%] Completed 'ELF2UF2Build'
[ 11%] Completed 'PioasmBuild'
make[3]: Leaving directory '/home/exr0n/projects/raspberrypi_pico/gobbles_pico/build'
[ 17%] Built target ELF2UF2Build
make[3]: Leaving directory '/home/exr0n/projects/raspberrypi_pico/gobbles_pico/build'
[ 22%] Built target PioasmBuild
make[3]: Entering directory '/home/exr0n/projects/raspberrypi_pico/gobbles_pico/build'
make[3]: Leaving directory '/home/exr0n/projects/raspberrypi_pico/gobbles_pico/build'
[ 23%] Built target my_proj_main_pio_h
make[3]: Entering directory '/home/exr0n/projects/raspberrypi_pico/gobbles_pico/build'
Scanning dependencies of target my_proj
Consolidate compiler generated dependencies of target my_proj
make[3]: Leaving directory '/home/exr0n/projects/raspberrypi_pico/gobbles_pico/build'
[100%] Built target my_proj
make[2]: Leaving directory '/home/exr0n/projects/raspberrypi_pico/gobbles_pico/build'
make[1]: Leaving directory '/home/exr0n/projects/raspberrypi_pico/gobbles_pico/build'
